rghuyjywqf killed (pid 17541)
rghuyjywqf killed (pid 17543)
rghuyjywqf killed (pid 17550)
rghuyjywqf killed (pid 17554)
rghuyjywqf killed (pid 17555)
ivqnobtw killed (pid 18636)
zdxewjdvbj killed (pid 22877)
zdxewjdvbj killed (pid 22878)
zdxewjdvbj killed (pid 22883)
zdxewjdvbj killed (pid 22885)
zdxewjdvbj killed (pid 22886)
xrqquke killed (pid 23666)
ls: cannot access '/bin/izxjkxtisxhro': No such file or directory
mfownudreklril killed (pid 8771)
kqbouga killed (pid 14823)
djpugvujumkelf killed (pid 20807)
cfdoeswsrktyf killed (pid 26694)
kyycnudonhc killed (pid 32470)
wyinjwtounwt killed (pid 11385)
yybfkunfh killed (pid 17366)
ehwlnkvtm killed (pid 23041)
zzqujbqsybp killed (pid 28336)
lszeglooval killed (pid 1877)
dturkkgmderlb killed (pid 13343)
aogqfj killed (pid 30285)
ls: cannot access '/bin/mizysstc': No such file or directory
ls: cannot access '/bin/nmdjuvlsmuqnl': No such file or directory
fgrwgaw killed (pid 3787)
xumwjqhun killed (pid 9763)
kuaavtug killed (pid 15631)
ls: cannot access '/bin/egzqwqi': No such file or directory
ozuapgg killed (pid 11488)
zztggefltu killed (pid 17454)
ugopfjb killed (pid 24446)
piixwamq killed (pid 9394)
ls: cannot access '/bin/zgzarfstkj': No such file or directory
pwpoirt killed (pid 15564)
ufpqnlrmysmd killed (pid 6669)
hlpvdfnxn killed (pid 25998)
ls: cannot access '/bin/svmrrxuryudiry': No such file or directory
xchnvtzozlp killed (pid 9468)
locrnqscrkv killed (pid 16622)
aspidcs killed (pid 22569)
tacrgw killed (pid 32585)
ubmgbnohicbs killed (pid 17741)
zxwpype killed (pid 17755)
aesnuoyzdb killed (pid 23827)
ls: cannot access '/bin/bbguorrccms': No such file or directory
ssjrlkxrrtmg killed (pid 9263)
ls: cannot access '/bin/kppbtt': No such file or directory
dvcgpnowpc killed (pid 15209)
hqfrlpntfyqhz killed (pid 20506)
ljawolxllu killed (pid 4815)
ls: cannot access '/bin/imyrzrusgfr': No such file or directory
uvgmnpkxp killed (pid 15512)
vyogazvdpkddhm killed (pid 21230)
ajrgfbabmvxmi killed (pid 26604)
sdbpmdardxelue killed (pid 31070)
azlxybtupix killed (pid 3950)
vdxewidnkpo killed (pid 10869)
qbhrlvavwslgai killed (pid 22672)
cenigxvq killed (pid 22687)
hcazksjofbau killed (pid 2138)
bddnoqywuoct killed (pid 7626)
xdofleiqmax killed (pid 13129)
xpifgu killed (pid 24249)
depichrvgyw killed (pid 29140)
fvjaoszubtpnvv killed (pid 18003)
jbfwnkpfhvymod killed (pid 2034)
vxqqkte killed (pid 7618)
urinyklpnswln killed (pid 18734)
rkxliizah killed (pid 23987)
dsdvfy killed (pid 24009)
yqqijy killed (pid 29877)
pmsskzeuekjwo killed (pid 2867)
rcafxyf killed (pid 8603)
cgldldhmkemql killed (pid 8617)
cgldldhmkemql killed (pid 8620)
cgldldhmkemql killed (pid 8620)
gwmsgvmswnx killed (pid 14095)
knxtjhvxonppe killed (pid 19854)
ktpvkwaeh killed (pid 30677)
uammiqyxpnpyk killed (pid 4051)
qkyscy killed (pid 9532)
itdzaxjoktjged killed (pid 15161)
rnqnaosai killed (pid 26777)
zlrccqp killed (pid 31940)
iwmimguzphhit killed (pid 16626)
axmdnncrxw killed (pid 22099)
upijlnccygx killed (pid 1408)
rjjuzbyeshx killed (pid 25025)
mssyvsf killed (pid 14677)
rjxyrbilmmqbi killed (pid 26000)
nhmgcezdpxeoy killed (pid 10701)
obozfvvxestrxc killed (pid 22649)
ckxzhvexk killed (pid 18145)
txmxsgqcei killed (pid 11723)
yrntaxjqt killed (pid 17397)
ksvcawje killed (pid 26933)
ls: cannot access '/bin/hsmkfn': No such file or directory
yzwzxdtmtfe killed (pid 20733)
ggcnmcq killed (pid 26556)
nhnmmdbboqp killed (pid 31955)
uzaevmznj killed (pid 4318)
beblcaedw killed (pid 20989)
quxavldswcg killed (pid 26578)
xpldutmt killed (pid 32060)
ls: cannot access '/bin/pdczhz': No such file or directory
dikido killed (pid 15934)
ls: cannot access '/bin/hjsbheognt': No such file or directory
anjqwg killed (pid 21396)
zubgbpcrv killed (pid 31767)
fnjbbdsrejy killed (pid 4721)
ls: cannot access '/bin/igtyqthch': No such file or directory
tecppbyeeul killed (pid 10170)
uofczphogh killed (pid 16162)
krugdmj killed (pid 21943)
lhkfrykzeqvll killed (pid 27852)
ubthdxzalkq killed (pid 1279)
hdofia killed (pid 12878)
crzaxchhsapf killed (pid 24556)
nhmwuyxgmfsucz killed (pid 30244)
xclulm killed (pid 2742)
awdiimmpw killed (pid 8635)
rghdrt killed (pid 25157)
twiubiugjy killed (pid 30601)
aonuohtg killed (pid 9126)
wcghaswiigdb killed (pid 25389)
ls: cannot access '/bin/ndmwvjmr': No such file or directory
ejneqsnkgekjv killed (pid 2963)
dcvnpxnsl killed (pid 7836)
xlgnpi killed (pid 17947)
ls: cannot access '/bin/qicnncsauv': No such file or directory
zpnoeshemeqpgq killed (pid 28020)
uukngtde killed (pid 637)
ls: cannot access '/bin/jzptfu': No such file or directory
nzmmmglvbums killed (pid 28640)
kytgkogxrjr killed (pid 6321)
acgfdgoce killed (pid 11569)
cjorbcxsr killed (pid 16816)
ls: cannot access '/bin/ajiockraci': No such file or directory
zihbncdbub killed (pid 16835)
hanwefrjpfeo killed (pid 27812)
dnovaxmrnusv killed (pid 32694)
ealbaxybrklftm killed (pid 9805)
hfjxupwfov killed (pid 24569)
ls: cannot access '/bin/gupumbzsasvy': No such file or directory
rznmzomqpbzxm killed (pid 1768)
nxzfvi killed (pid 1788)
ohhixqjyqf killed (pid 11471)
urahyrk killed (pid 22251)
zmdnig killed (pid 27631)
avikxcqjrknqw killed (pid 27652)
muhceanfcwbsh killed (pid 6013)
wqvqcektfvgmt killed (pid 11479)
cqxenrhiyfotyc killed (pid 16817)
oebbnmlehcyltf killed (pid 22501)
ls: cannot access '/bin/gtewcxzkgvdcqq': No such file or directory
qkwwmfg killed (pid 9737)
ls: cannot access '/bin/ibrivjyawprrj': No such file or directory
pbfmublye killed (pid 13994)
ls: cannot access '/bin/tcmrixyjrekhag': No such file or directory
nfozxwwxfn killed (pid 19274)
zlxwmv killed (pid 24599)
xlblnjlvr killed (pid 2511)
eolftxvga killed (pid 29395)
tgiwmzt killed (pid 7273)
swbtiyd killed (pid 18036)
hbbptgsdyflo killed (pid 32442)
ls: cannot access '/bin/spfuol': No such file or directory
qbqvbou killed (pid 10576)
dceloqobqlgsnc killed (pid 15813)
zdgorbdvhse killed (pid 25961)
yxxizg killed (pid 31561)
ls: cannot access '/bin/eoacjubaja': No such file or directory
jmjpvbeqqe killed (pid 15313)
jauasabzfk killed (pid 3470)
zkxashvwc killed (pid 12971)
cexurnzpgxqjza killed (pid 17820)
wzxrdhrooi killed (pid 27851)
votnmzdltsvxkb killed (pid 29686)
votnmzdltsvxkb killed (pid 29696)
pabkhsq killed (pid 29744)
xwkguotsns killed (pid 18362)
gasqdbnjnqesrf killed (pid 23522)
yoleqewtfjf killed (pid 23540)
ocvucpx killed (pid 28984)
odvsgntlcu killed (pid 2186)
fqxlnql killed (pid 7723)
hylyzrci killed (pid 13792)
dfyqpkxanjld killed (pid 19123)
fncwdjckk killed (pid 24469)
vsqaesloolkfn killed (pid 24510)
ufgazojcc killed (pid 29432)
vpmxiibovwvdy killed (pid 1559)
zvkseloy killed (pid 1580)
uiclplqtotk killed (pid 5737)
cgfqqbizu killed (pid 9734)
qzfmqgg killed (pid 24410)
